hrPHP Warning:  Undefined variable $db in /home/opt/lampp/htdocs/Kingsway/maintenance.php on line 7

Warning: Undefined variable $db in /home/opt/lampp/htdocs/Kingsway/maintenance.php on line 7
PHP Fatal error:  Uncaught Error: Call to a member function prepare() on null in /home/opt/lampp/htdocs/Kingsway/maintenance.php:7
Stack trace:
#0 {main}
  thrown in /home/opt/lampp/htdocs/Kingsway/maintenance.php on line 7

Fatal error: Uncaught Error: Call to a member function prepare() on null in /home/opt/lampp/htdocs/Kingsway/maintenance.php:7
Stack trace:
#0 {main}
  thrown in /home/opt/lampp/htdocs/Kingsway/maintenance.php on line 7
PHP Warning:  Undefined variable $db in /home/opt/lampp/htdocs/Kingsway/maintenance.php on line 7

Warning: Undefined variable $db in /home/opt/lampp/htdocs/Kingsway/maintenance.php on line 7
PHP Fatal error:  Uncaught Error: Call to a member function prepare() on null in /home/opt/lampp/htdocs/Kingsway/maintenance.php:7
Stack trace:
#0 {main}
  thrown in /home/opt/lampp/htdocs/Kingsway/maintenance.php on line 7

Fatal error: Uncaught Error: Call to a member function prepare() on null in /home/opt/lampp/htdocs/Kingsway/maintenance.php:7
Stack trace:
#0 {main}
  thrown in /home/opt/lampp/htdocs/Kingsway/maintenance.php on line 7
PHP Warning:  Undefined variable $db in /home/opt/lampp/htdocs/Kingsway/maintenance.php on line 7

Warning: Undefined variable $db in /home/opt/lampp/htdocs/Kingsway/maintenance.php on line 7
PHP Fatal error:  Uncaught Error: Call to a member function prepare() on null in /home/opt/lampp/htdocs/Kingsway/maintenance.php:7
Stack trace:
#0 {main}
  thrown in /home/opt/lampp/htdocs/Kingsway/maintenance.php on line 7

Fatal error: Uncaught Error: Call to a member function prepare() on null in /home/opt/lampp/htdocs/Kingsway/maintenance.php:7
Stack trace:
#0 {main}
  thrown in /home/opt/lampp/htdocs/Kingsway/maintenance.php on line 7
PHP Warning:  Undefined variable $db in /home/opt/lampp/htdocs/Kingsway/maintenance.php on line 7

Warning: Undefined variable $db in /home/opt/lampp/htdocs/Kingsway/maintenance.php on line 7
PHP Fatal error:  Uncaught Error: Call to a member function prepare() on null in /home/opt/lampp/htdocs/Kingsway/maintenance.php:7
Stack trace:
#0 {main}
  thrown in /home/opt/lampp/htdocs/Kingsway/maintenance.php on line 7

Fatal error: Uncaught Error: Call to a member function prepare() on null in /home/opt/lampp/htdocs/Kingsway/maintenance.php:7
Stack trace:
#0 {main}
  thrown in /home/opt/lampp/htdocs/Kingsway/maintenance.php on line 7
